<?xml version="1.0" encoding="UTF-8"?>
<!-- Generated by org.testng.reporters.JUnitXMLReporter -->
<testsuite ignored="1" hostname="CDWILT004" failures="0" tests="3" name="Test" time="0.05" errors="0" timestamp="2022-06-02T17:59:17 SGT">
  <testcase classname="phase2_TestNG_Basics001.Phase2_TestNG001" name="tMethod1" time="0.008"/>
  <testcase classname="phase2_TestNG_Basics001.Phase2_TestNG001" name="tMethod3" time="0.001"/>
  <testcase classname="phase2_TestNG_Basics001.Phase2_TestNG002" name="tMethod1" time="0.001"/>
  <testcase classname="phase2_TestNG_Basics001.Phase2_TestNG001" name="tMethod2" time="0.0">
    <ignored/>
  </testcase> <!-- tMethod2 -->
</testsuite> <!-- Test -->
